{"/Users/cavila/Documents/stuff/sailsjs_tests/api/controllers/HelloController.js":{"path":"/Users/cavila/Documents/stuff/sailsjs_tests/api/controllers/HelloController.js","s":{"1":1,"2":1},"b":{},"f":{"1":1},"fnMap":{"1":{"name":"(anonymous_1)","line":7,"loc":{"start":{"line":7,"column":11},"end":{"line":7,"column":30}}}},"statementMap":{"1":{"start":{"line":5,"column":0},"end":{"line":11,"column":2}},"2":{"start":{"line":8,"column":8},"end":{"line":8,"column":32}}},"branchMap":{}},"/Users/cavila/Documents/stuff/sailsjs_tests/api/services/Reaper.js":{"path":"/Users/cavila/Documents/stuff/sailsjs_tests/api/services/Reaper.js","s":{"1":1,"2":1,"3":1,"4":1,"5":0,"6":0,"7":0,"8":0,"9":0,"10":0,"11":0,"12":1},"b":{},"f":{"1":1,"2":0,"3":0,"4":0},"fnMap":{"1":{"name":"(anonymous_1)","line":73,"loc":{"start":{"line":73,"column":13},"end":{"line":73,"column":39}}},"2":{"name":"(anonymous_2)","line":85,"loc":{"start":{"line":85,"column":23},"end":{"line":85,"column":34}}},"3":{"name":"(anonymous_3)","line":87,"loc":{"start":{"line":87,"column":31},"end":{"line":87,"column":45}}},"4":{"name":"(anonymous_4)","line":91,"loc":{"start":{"line":91,"column":23},"end":{"line":91,"column":40}}}},"statementMap":{"1":{"start":{"line":71,"column":0},"end":{"line":71,"column":27}},"2":{"start":{"line":73,"column":0},"end":{"line":82,"column":2}},"3":{"start":{"line":76,"column":4},"end":{"line":81,"column":6}},"4":{"start":{"line":85,"column":0},"end":{"line":98,"column":2}},"5":{"start":{"line":87,"column":4},"end":{"line":94,"column":13}},"6":{"start":{"line":88,"column":8},"end":{"line":88,"column":49}},"7":{"start":{"line":89,"column":8},"end":{"line":89,"column":63}},"8":{"start":{"line":90,"column":8},"end":{"line":90,"column":32}},"9":{"start":{"line":91,"column":8},"end":{"line":93,"column":11}},"10":{"start":{"line":92,"column":12},"end":{"line":92,"column":42}},"11":{"start":{"line":97,"column":4},"end":{"line":97,"column":41}},"12":{"start":{"line":100,"column":0},"end":{"line":100,"column":24}}},"branchMap":{}}}