{"/Users/cavila/Documents/stuff/sailsjs_tests/api/controllers/HelloController.js":{"path":"/Users/cavila/Documents/stuff/sailsjs_tests/api/controllers/HelloController.js","s":{"1":1,"2":0},"b":{},"f":{"1":0},"fnMap":{"1":{"name":"(anonymous_1)","line":7,"loc":{"start":{"line":7,"column":11},"end":{"line":7,"column":30}}}},"statementMap":{"1":{"start":{"line":5,"column":0},"end":{"line":11,"column":2}},"2":{"start":{"line":8,"column":8},"end":{"line":8,"column":32}}},"branchMap":{}},"/Users/cavila/Documents/stuff/sailsjs_tests/api/services/Reaper.js":{"path":"/Users/cavila/Documents/stuff/sailsjs_tests/api/services/Reaper.js","s":{"1":1,"2":1,"3":2,"4":2,"5":2,"6":2,"7":2,"8":2,"9":2,"10":2,"11":1,"12":1,"13":1,"14":1,"15":1,"16":1,"17":1,"18":1,"19":1,"20":1,"21":1,"22":1,"23":0,"24":1,"25":0,"26":1},"b":{},"f":{"1":2,"2":2,"3":2,"4":1,"5":1,"6":1,"7":0,"8":0},"fnMap":{"1":{"name":"(anonymous_1)","line":83,"loc":{"start":{"line":83,"column":13},"end":{"line":83,"column":36}}},"2":{"name":"(anonymous_2)","line":103,"loc":{"start":{"line":103,"column":29},"end":{"line":103,"column":40}}},"3":{"name":"(anonymous_3)","line":109,"loc":{"start":{"line":109,"column":15},"end":{"line":109,"column":26}}},"4":{"name":"(anonymous_4)","line":124,"loc":{"start":{"line":124,"column":23},"end":{"line":124,"column":34}}},"5":{"name":"(anonymous_5)","line":127,"loc":{"start":{"line":127,"column":31},"end":{"line":127,"column":45}}},"6":{"name":"(anonymous_6)","line":131,"loc":{"start":{"line":131,"column":23},"end":{"line":131,"column":50}}},"7":{"name":"(anonymous_7)","line":164,"loc":{"start":{"line":164,"column":32},"end":{"line":164,"column":43}}},"8":{"name":"(anonymous_8)","line":170,"loc":{"start":{"line":170,"column":24},"end":{"line":170,"column":35}}}},"statementMap":{"1":{"start":{"line":81,"column":0},"end":{"line":81,"column":27}},"2":{"start":{"line":83,"column":0},"end":{"line":121,"column":2}},"3":{"start":{"line":85,"column":3},"end":{"line":85,"column":34}},"4":{"start":{"line":88,"column":3},"end":{"line":101,"column":5}},"5":{"start":{"line":102,"column":3},"end":{"line":102,"column":29}},"6":{"start":{"line":103,"column":3},"end":{"line":105,"column":5}},"7":{"start":{"line":104,"column":5},"end":{"line":104,"column":33}},"8":{"start":{"line":107,"column":3},"end":{"line":107,"column":24}},"9":{"start":{"line":109,"column":3},"end":{"line":112,"column":5}},"10":{"start":{"line":111,"column":7},"end":{"line":111,"column":39}},"11":{"start":{"line":124,"column":0},"end":{"line":161,"column":2}},"12":{"start":{"line":125,"column":4},"end":{"line":125,"column":20}},"13":{"start":{"line":126,"column":4},"end":{"line":126,"column":30}},"14":{"start":{"line":127,"column":4},"end":{"line":156,"column":13}},"15":{"start":{"line":128,"column":8},"end":{"line":128,"column":49}},"16":{"start":{"line":129,"column":8},"end":{"line":129,"column":63}},"17":{"start":{"line":130,"column":8},"end":{"line":130,"column":32}},"18":{"start":{"line":131,"column":8},"end":{"line":155,"column":11}},"19":{"start":{"line":132,"column":12},"end":{"line":132,"column":52}},"20":{"start":{"line":133,"column":12},"end":{"line":133,"column":51}},"21":{"start":{"line":160,"column":4},"end":{"line":160,"column":32}},"22":{"start":{"line":164,"column":0},"end":{"line":168,"column":2}},"23":{"start":{"line":167,"column":4},"end":{"line":167,"column":17}},"24":{"start":{"line":170,"column":0},"end":{"line":172,"column":2}},"25":{"start":{"line":171,"column":4},"end":{"line":171,"column":17}},"26":{"start":{"line":174,"column":0},"end":{"line":174,"column":24}}},"branchMap":{}}}