TN:
SF:/Users/cavila/Documents/stuff/sailsjs_tests/api/controllers/HelloController.js
FN:7,(anonymous_1)
FNF:1
FNH:0
FNDA:0,(anonymous_1)
DA:5,1
DA:8,0
LF:2
LH:1
BRF:0
BRH:0
end_of_record
TN:
SF:/Users/cavila/Documents/stuff/sailsjs_tests/api/services/Reaper.js
FN:83,(anonymous_1)
FN:103,(anonymous_2)
FN:109,(anonymous_3)
FN:124,(anonymous_4)
FN:127,(anonymous_5)
FN:131,(anonymous_6)
FN:164,(anonymous_7)
FN:170,(anonymous_8)
FNF:8
FNH:6
FNDA:2,(anonymous_1)
FNDA:2,(anonymous_2)
FNDA:2,(anonymous_3)
FNDA:1,(anonymous_4)
FNDA:1,(anonymous_5)
FNDA:1,(anonymous_6)
FNDA:0,(anonymous_7)
FNDA:0,(anonymous_8)
DA:81,1
DA:83,1
DA:85,2
DA:88,2
DA:102,2
DA:103,2
DA:104,2
DA:107,2
DA:109,2
DA:111,2
DA:124,1
DA:125,1
DA:126,1
DA:127,1
DA:128,1
DA:129,1
DA:130,1
DA:131,1
DA:132,1
DA:133,1
DA:160,1
DA:164,1
DA:167,0
DA:170,1
DA:171,0
DA:174,1
LF:26
LH:24
BRF:0
BRH:0
end_of_record
