TN:
SF:/Users/cavila/Documents/stuff/sailsjs_tests/api/controllers/HelloController.js
FN:7,(anonymous_1)
FNF:1
FNH:1
FNDA:1,(anonymous_1)
DA:5,1
DA:8,1
LF:2
LH:2
BRF:0
BRH:0
end_of_record
TN:
SF:/Users/cavila/Documents/stuff/sailsjs_tests/api/services/Reaper.js
FN:73,(anonymous_1)
FN:85,(anonymous_2)
FN:87,(anonymous_3)
FN:91,(anonymous_4)
FNF:4
FNH:1
FNDA:1,(anonymous_1)
FNDA:0,(anonymous_2)
FNDA:0,(anonymous_3)
FNDA:0,(anonymous_4)
DA:71,1
DA:73,1
DA:76,1
DA:85,1
DA:87,0
DA:88,0
DA:89,0
DA:90,0
DA:91,0
DA:92,0
DA:97,0
DA:100,1
LF:12
LH:5
BRF:0
BRH:0
end_of_record
